2017-10-12 14:32:45,287 - [INFO] - from play in pool-4-thread-1 
Listening for HTTP on /0:0:0:0:0:0:0:0:9000

2017-10-12 14:38:52,893 - [INFO] - from play in play-internal-execution-context-1 
Application started (Dev)

2017-10-12 14:43:40,093 - [INFO] - from play in play-internal-execution-context-1 
Application started (Dev)

2017-10-12 14:43:41,358 - [INFO] - from play in play-internal-execution-context-1 
Application started (Dev)

2017-10-12 14:44:33,933 - [INFO] - from play in play-internal-execution-context-1 
Application started (Dev)

2017-10-12 14:44:35,094 - [INFO] - from play in play-internal-execution-context-1 
Application started (Dev)

2017-10-12 14:44:53,798 - [INFO] - from play in play-internal-execution-context-1 
Application started (Dev)

2017-10-12 14:45:57,890 - [INFO] - from play in play-internal-execution-context-1 
Application started (Dev)

2017-10-12 14:47:20,835 - [INFO] - from play in play-internal-execution-context-1 
Application started (Dev)

2017-10-12 14:47:47,811 - [INFO] - from play in play-internal-execution-context-1 
Application started (Dev)

2017-10-12 14:54:14,555 - [INFO] - from play in play-internal-execution-context-1 
Application started (Dev)

2017-10-12 14:55:26,578 - [INFO] - from play in play-internal-execution-context-1 
Application started (Dev)

2017-10-12 14:56:03,195 - [INFO] - from play in play-internal-execution-context-1 
Application started (Dev)

2017-10-12 14:57:02,947 - [INFO] - from play in play-internal-execution-context-1 
Application started (Dev)

2017-10-12 14:59:24,839 - [INFO] - from play in play-internal-execution-context-1 
Application started (Dev)

2017-10-12 15:00:58,011 - [INFO] - from play in play-internal-execution-context-1 
Application started (Dev)

2017-10-12 15:02:09,831 - [INFO] - from play in play-internal-execution-context-1 
Application started (Dev)

2017-10-12 15:03:50,953 - [INFO] - from play in play-internal-execution-context-1 
Application started (Dev)

2017-10-12 15:03:51,872 - [INFO] - from play in play-internal-execution-context-1 
Application started (Dev)

2017-10-12 15:04:10,378 - [INFO] - from play in play-internal-execution-context-1 
Application started (Dev)

2017-10-12 15:04:36,495 - [INFO] - from play in play-internal-execution-context-7 
Application started (Dev)

2017-10-12 15:06:59,502 - [INFO] - from play in play-internal-execution-context-7 
Application started (Dev)

2017-10-12 15:07:05,413 - [INFO] - from play in play-internal-execution-context-7 
Application started (Dev)

2017-10-12 15:08:40,025 - [INFO] - from play in play-internal-execution-context-7 
Application started (Dev)

2017-10-12 15:08:44,383 - [INFO] - from play in play-internal-execution-context-7 
Application started (Dev)

2017-10-12 15:10:29,074 - [INFO] - from play in play-internal-execution-context-7 
Application started (Dev)

2017-10-12 15:10:32,200 - [INFO] - from play in play-internal-execution-context-7 
Application started (Dev)

2017-10-12 15:10:57,698 - [INFO] - from play in play-internal-execution-context-7 
Application started (Dev)

2017-10-12 15:11:04,706 - [INFO] - from play in play-internal-execution-context-7 
Application started (Dev)

2017-10-12 15:12:42,941 - [INFO] - from play in play-internal-execution-context-7 
Application started (Dev)

2017-10-12 15:13:26,207 - [INFO] - from play in play-internal-execution-context-7 
Application started (Dev)

2017-10-12 15:16:47,681 - [INFO] - from play in play-internal-execution-context-7 
Application started (Dev)

2017-10-12 15:17:18,294 - [INFO] - from play in play-internal-execution-context-7 
Application started (Dev)

2017-10-12 15:17:19,694 - [INFO] - from play in play-internal-execution-context-7 
Application started (Dev)

2017-10-12 15:17:53,904 - [INFO] - from play in play-internal-execution-context-7 
Application started (Dev)

2017-10-12 15:17:59,767 - [INFO] - from play in play-internal-execution-context-7 
Application started (Dev)

2017-10-12 15:22:42,812 - [INFO] - from play in play-internal-execution-context-7 
Application started (Dev)

2017-10-12 15:28:46,058 - [INFO] - from play in play-internal-execution-context-7 
Application started (Dev)

2017-10-12 15:29:09,138 - [INFO] - from play in play-internal-execution-context-10 
Application started (Dev)

2017-10-12 15:30:47,471 - [INFO] - from play in play-internal-execution-context-10 
Application started (Dev)

2017-10-12 15:36:00,646 - [INFO] - from play in play-internal-execution-context-10 
Application started (Dev)

2017-10-12 16:05:49,159 - [ERROR] - from application in New I/O worker #7 


! @75ipo9392 - Internal server error, for (GET) [/blog] ->

play.PlayExceptions$CompilationException: Compilation error[value Project is not a member of models.Project
possible cause: maybe a semicolon is missing before `value Project'?]
	at play.PlayReloader$$anon$1$$anonfun$reload$2$$anonfun$apply$14$$anonfun$apply$16.apply(PlayReloader.scala:304) ~[na:na]
	at play.PlayReloader$$anon$1$$anonfun$reload$2$$anonfun$apply$14$$anonfun$apply$16.apply(PlayReloader.scala:304) ~[na:na]
	at scala.Option.map(Option.scala:145) ~[scala-library.jar:na]
	at play.PlayReloader$$anon$1$$anonfun$reload$2$$anonfun$apply$14.apply(PlayReloader.scala:304) ~[na:na]
	at play.PlayReloader$$anon$1$$anonfun$reload$2$$anonfun$apply$14.apply(PlayReloader.scala:298) ~[na:na]
	at scala.Option.map(Option.scala:145) ~[scala-library.jar:na]
	at play.PlayReloader$$anon$1$$anonfun$reload$2.apply(PlayReloader.scala:298) ~[na:na]
	at play.PlayReloader$$anon$1$$anonfun$reload$2.apply(PlayReloader.scala:296) ~[na:na]
	at scala.util.Either$LeftProjection.map(Either.scala:377) ~[scala-library.jar:na]
	at play.PlayReloader$$anon$1.reload(PlayReloader.scala:296) ~[na:na]
	at play.core.ReloadableApplication$$anonfun$get$1.apply(ApplicationProvider.scala:104) ~[play_2.10.jar:2.2.6]
	at play.core.ReloadableApplication$$anonfun$get$1.apply(ApplicationProvider.scala:102) ~[play_2.10.jar:2.2.6]
	at scala.concurrent.impl.Future$PromiseCompletingRunnable.liftedTree1$1(Future.scala:24) ~[scala-library.jar:na]
	at scala.concurrent.impl.Future$PromiseCompletingRunnable.run(Future.scala:24) ~[scala-library.jar:na]
	at scala.concurrent.forkjoin.ForkJoinTask$AdaptedRunnableAction.exec(ForkJoinTask.java:1361) ~[scala-library.jar:na]
	at scala.concurrent.forkjoin.ForkJoinTask.doExec(ForkJoinTask.java:260) ~[scala-library.jar:na]
	at scala.concurrent.forkjoin.ForkJoinPool$WorkQueue.runTask(ForkJoinPool.java:1339) ~[scala-library.jar:na]
	at scala.concurrent.forkjoin.ForkJoinPool.runWorker(ForkJoinPool.java:1979) ~[scala-library.jar:na]
	at scala.concurrent.forkjoin.ForkJoinWorkerThread.run(ForkJoinWorkerThread.java:107) ~[scala-library.jar:na]

2017-10-12 16:05:58,168 - [INFO] - from play in play-internal-execution-context-10 
Application started (Dev)

2017-10-12 16:06:47,536 - [INFO] - from play in play-internal-execution-context-10 
Application started (Dev)

2017-10-12 16:06:48,766 - [INFO] - from play in play-internal-execution-context-10 
Application started (Dev)

2017-10-12 16:10:09,129 - [INFO] - from play in play-internal-execution-context-10 
Application started (Dev)

2017-10-12 16:10:09,881 - [INFO] - from play in play-internal-execution-context-10 
Application started (Dev)

2017-10-12 16:11:05,221 - [INFO] - from play in play-internal-execution-context-10 
Application started (Dev)

2017-10-12 16:11:07,201 - [INFO] - from play in play-internal-execution-context-12 
Application started (Dev)

2017-10-12 16:11:24,550 - [INFO] - from play in play-internal-execution-context-10 
Application started (Dev)

2017-10-12 16:11:26,209 - [INFO] - from play in play-internal-execution-context-10 
Application started (Dev)

2017-10-12 16:11:51,158 - [INFO] - from play in play-internal-execution-context-10 
Application started (Dev)

2017-10-12 16:11:51,814 - [INFO] - from play in play-internal-execution-context-10 
Application started (Dev)

2017-10-12 16:13:31,568 - [INFO] - from play in play-internal-execution-context-10 
Application started (Dev)

2017-10-12 16:13:33,170 - [INFO] - from play in play-internal-execution-context-10 
Application started (Dev)

2017-10-12 16:17:41,036 - [ERROR] - from application in New I/O worker #8 


! @75ippngb6 - Internal server error, for (GET) [/hello] ->

play.PlayExceptions$CompilationException: Compilation error[value repository is not a member of models.Project]
	at play.PlayReloader$$anon$1$$anonfun$reload$2$$anonfun$apply$14$$anonfun$apply$16.apply(PlayReloader.scala:304) ~[na:na]
	at play.PlayReloader$$anon$1$$anonfun$reload$2$$anonfun$apply$14$$anonfun$apply$16.apply(PlayReloader.scala:304) ~[na:na]
	at scala.Option.map(Option.scala:145) ~[scala-library.jar:na]
	at play.PlayReloader$$anon$1$$anonfun$reload$2$$anonfun$apply$14.apply(PlayReloader.scala:304) ~[na:na]
	at play.PlayReloader$$anon$1$$anonfun$reload$2$$anonfun$apply$14.apply(PlayReloader.scala:298) ~[na:na]
	at scala.Option.map(Option.scala:145) ~[scala-library.jar:na]
	at play.PlayReloader$$anon$1$$anonfun$reload$2.apply(PlayReloader.scala:298) ~[na:na]
	at play.PlayReloader$$anon$1$$anonfun$reload$2.apply(PlayReloader.scala:296) ~[na:na]
	at scala.util.Either$LeftProjection.map(Either.scala:377) ~[scala-library.jar:na]
	at play.PlayReloader$$anon$1.reload(PlayReloader.scala:296) ~[na:na]
	at play.core.ReloadableApplication$$anonfun$get$1.apply(ApplicationProvider.scala:104) ~[play_2.10.jar:2.2.6]
	at play.core.ReloadableApplication$$anonfun$get$1.apply(ApplicationProvider.scala:102) ~[play_2.10.jar:2.2.6]
	at scala.concurrent.impl.Future$PromiseCompletingRunnable.liftedTree1$1(Future.scala:24) ~[scala-library.jar:na]
	at scala.concurrent.impl.Future$PromiseCompletingRunnable.run(Future.scala:24) ~[scala-library.jar:na]
	at scala.concurrent.forkjoin.ForkJoinTask$AdaptedRunnableAction.exec(ForkJoinTask.java:1361) ~[scala-library.jar:na]
	at scala.concurrent.forkjoin.ForkJoinTask.doExec(ForkJoinTask.java:260) ~[scala-library.jar:na]
	at scala.concurrent.forkjoin.ForkJoinPool$WorkQueue.runTask(ForkJoinPool.java:1339) ~[scala-library.jar:na]
	at scala.concurrent.forkjoin.ForkJoinPool.runWorker(ForkJoinPool.java:1979) ~[scala-library.jar:na]
	at scala.concurrent.forkjoin.ForkJoinWorkerThread.run(ForkJoinWorkerThread.java:107) ~[scala-library.jar:na]

2017-10-12 16:18:06,790 - [ERROR] - from application in New I/O worker #8 


! @75ippp2da - Internal server error, for (GET) [/hello] ->

play.PlayExceptions$CompilationException: Compilation error[not found: value latest]
	at play.PlayReloader$$anon$1$$anonfun$reload$2$$anonfun$apply$14$$anonfun$apply$16.apply(PlayReloader.scala:304) ~[na:na]
	at play.PlayReloader$$anon$1$$anonfun$reload$2$$anonfun$apply$14$$anonfun$apply$16.apply(PlayReloader.scala:304) ~[na:na]
	at scala.Option.map(Option.scala:145) ~[scala-library.jar:na]
	at play.PlayReloader$$anon$1$$anonfun$reload$2$$anonfun$apply$14.apply(PlayReloader.scala:304) ~[na:na]
	at play.PlayReloader$$anon$1$$anonfun$reload$2$$anonfun$apply$14.apply(PlayReloader.scala:298) ~[na:na]
	at scala.Option.map(Option.scala:145) ~[scala-library.jar:na]
	at play.PlayReloader$$anon$1$$anonfun$reload$2.apply(PlayReloader.scala:298) ~[na:na]
	at play.PlayReloader$$anon$1$$anonfun$reload$2.apply(PlayReloader.scala:296) ~[na:na]
	at scala.util.Either$LeftProjection.map(Either.scala:377) ~[scala-library.jar:na]
	at play.PlayReloader$$anon$1.reload(PlayReloader.scala:296) ~[na:na]
	at play.core.ReloadableApplication$$anonfun$get$1.apply(ApplicationProvider.scala:104) ~[play_2.10.jar:2.2.6]
	at play.core.ReloadableApplication$$anonfun$get$1.apply(ApplicationProvider.scala:102) ~[play_2.10.jar:2.2.6]
	at scala.concurrent.impl.Future$PromiseCompletingRunnable.liftedTree1$1(Future.scala:24) ~[scala-library.jar:na]
	at scala.concurrent.impl.Future$PromiseCompletingRunnable.run(Future.scala:24) ~[scala-library.jar:na]
	at scala.concurrent.forkjoin.ForkJoinTask$AdaptedRunnableAction.exec(ForkJoinTask.java:1361) ~[scala-library.jar:na]
	at scala.concurrent.forkjoin.ForkJoinTask.doExec(ForkJoinTask.java:260) ~[scala-library.jar:na]
	at scala.concurrent.forkjoin.ForkJoinPool$WorkQueue.runTask(ForkJoinPool.java:1339) ~[scala-library.jar:na]
	at scala.concurrent.forkjoin.ForkJoinPool.runWorker(ForkJoinPool.java:1979) ~[scala-library.jar:na]
	at scala.concurrent.forkjoin.ForkJoinWorkerThread.run(ForkJoinWorkerThread.java:107) ~[scala-library.jar:na]

2017-10-12 16:18:21,027 - [INFO] - from play in play-internal-execution-context-10 
Application started (Dev)

2017-10-12 16:18:21,445 - [INFO] - from play in play-internal-execution-context-10 
Application started (Dev)

2017-10-12 16:19:29,032 - [INFO] - from play in play-internal-execution-context-10 
Application started (Dev)

2017-10-12 16:20:30,440 - [ERROR] - from application in New I/O worker #8 


! @75j00770j - Internal server error, for (GET) [/hello] ->

play.PlayExceptions$CompilationException: Compilation error[not found: value latest]
	at play.PlayReloader$$anon$1$$anonfun$reload$2$$anonfun$apply$14$$anonfun$apply$16.apply(PlayReloader.scala:304) ~[na:na]
	at play.PlayReloader$$anon$1$$anonfun$reload$2$$anonfun$apply$14$$anonfun$apply$16.apply(PlayReloader.scala:304) ~[na:na]
	at scala.Option.map(Option.scala:145) ~[scala-library.jar:na]
	at play.PlayReloader$$anon$1$$anonfun$reload$2$$anonfun$apply$14.apply(PlayReloader.scala:304) ~[na:na]
	at play.PlayReloader$$anon$1$$anonfun$reload$2$$anonfun$apply$14.apply(PlayReloader.scala:298) ~[na:na]
	at scala.Option.map(Option.scala:145) ~[scala-library.jar:na]
	at play.PlayReloader$$anon$1$$anonfun$reload$2.apply(PlayReloader.scala:298) ~[na:na]
	at play.PlayReloader$$anon$1$$anonfun$reload$2.apply(PlayReloader.scala:296) ~[na:na]
	at scala.util.Either$LeftProjection.map(Either.scala:377) ~[scala-library.jar:na]
	at play.PlayReloader$$anon$1.reload(PlayReloader.scala:296) ~[na:na]
	at play.core.ReloadableApplication$$anonfun$get$1.apply(ApplicationProvider.scala:104) ~[play_2.10.jar:2.2.6]
	at play.core.ReloadableApplication$$anonfun$get$1.apply(ApplicationProvider.scala:102) ~[play_2.10.jar:2.2.6]
	at scala.concurrent.impl.Future$PromiseCompletingRunnable.liftedTree1$1(Future.scala:24) ~[scala-library.jar:na]
	at scala.concurrent.impl.Future$PromiseCompletingRunnable.run(Future.scala:24) ~[scala-library.jar:na]
	at scala.concurrent.forkjoin.ForkJoinTask$AdaptedRunnableAction.exec(ForkJoinTask.java:1361) ~[scala-library.jar:na]
	at scala.concurrent.forkjoin.ForkJoinTask.doExec(ForkJoinTask.java:260) ~[scala-library.jar:na]
	at scala.concurrent.forkjoin.ForkJoinPool$WorkQueue.runTask(ForkJoinPool.java:1339) ~[scala-library.jar:na]
	at scala.concurrent.forkjoin.ForkJoinPool.runWorker(ForkJoinPool.java:1979) ~[scala-library.jar:na]
	at scala.concurrent.forkjoin.ForkJoinWorkerThread.run(ForkJoinWorkerThread.java:107) ~[scala-library.jar:na]

2017-10-12 16:20:38,230 - [INFO] - from play in play-internal-execution-context-10 
Application started (Dev)

2017-10-12 16:21:50,030 - [INFO] - from play in play-internal-execution-context-10 
Application started (Dev)

2017-10-12 16:21:50,466 - [INFO] - from play in play-internal-execution-context-10 
Application started (Dev)

2017-10-12 16:22:36,022 - [INFO] - from play in play-internal-execution-context-10 
Application started (Dev)

2017-10-12 16:31:23,308 - [ERROR] - from application in New I/O worker #7 


! @75j01iaka - Internal server error, for (GET) [/hello] ->

play.PlayExceptions$TemplateCompilationException: Compilation error[Not parsed?]
	at play.PlaySourceGenerators$$anonfun$3.apply(PlaySourceGenerators.scala:55) ~[na:na]
	at play.PlaySourceGenerators$$anonfun$3.apply(PlaySourceGenerators.scala:30) ~[na:na]
	at scala.Function5$$anonfun$tupled$1.apply(Function5.scala:35) ~[scala-library.jar:na]
	at scala.Function5$$anonfun$tupled$1.apply(Function5.scala:34) ~[scala-library.jar:na]
	at scala.Function1$$anonfun$compose$1.apply(Function1.scala:47) ~[scala-library.jar:na]
	at sbt.$tilde$greater$$anonfun$$u2219$1.apply(TypeFunctions.scala:42) ~[na:na]
	at sbt.std.Transform$$anon$4.work(System.scala:64) ~[na:na]
	at sbt.Execute$$anonfun$submit$1$$anonfun$apply$1.apply(Execute.scala:237) ~[na:na]
	at sbt.Execute$$anonfun$submit$1$$anonfun$apply$1.apply(Execute.scala:237) ~[na:na]
	at sbt.ErrorHandling$.wideConvert(ErrorHandling.scala:18) ~[na:na]
	at sbt.Execute.work(Execute.scala:244) ~[na:na]
	at sbt.Execute$$anonfun$submit$1.apply(Execute.scala:237) ~[na:na]
	at sbt.Execute$$anonfun$submit$1.apply(Execute.scala:237) ~[na:na]
	at sbt.ConcurrentRestrictions$$anon$4$$anonfun$1.apply(ConcurrentRestrictions.scala:160) ~[na:na]
	at sbt.CompletionService$$anon$2.call(CompletionService.scala:30) ~[na:na]
	at java.util.concurrent.FutureTask.run(FutureTask.java:266) ~[na:1.8.0_144]
	at java.util.concurrent.Executors$RunnableAdapter.call(Executors.java:511) ~[na:1.8.0_144]
	at java.util.concurrent.FutureTask.run(FutureTask.java:266) ~[na:1.8.0_144]
	at java.util.concurrent.ThreadPoolExecutor.runWorker(ThreadPoolExecutor.java:1149) [na:1.8.0_144]
	at java.util.concurrent.ThreadPoolExecutor$Worker.run(ThreadPoolExecutor.java:624) [na:1.8.0_144]
	at java.lang.Thread.run(Thread.java:748) [na:1.8.0_144]

2017-10-12 16:31:24,429 - [ERROR] - from application in New I/O worker #7 


! @75j01icc0 - Internal server error, for (GET) [/hello] ->

play.PlayExceptions$TemplateCompilationException: Compilation error[Not parsed?]
	at play.PlaySourceGenerators$$anonfun$3.apply(PlaySourceGenerators.scala:55) ~[na:na]
	at play.PlaySourceGenerators$$anonfun$3.apply(PlaySourceGenerators.scala:30) ~[na:na]
	at scala.Function5$$anonfun$tupled$1.apply(Function5.scala:35) ~[scala-library.jar:na]
	at scala.Function5$$anonfun$tupled$1.apply(Function5.scala:34) ~[scala-library.jar:na]
	at scala.Function1$$anonfun$compose$1.apply(Function1.scala:47) ~[scala-library.jar:na]
	at sbt.$tilde$greater$$anonfun$$u2219$1.apply(TypeFunctions.scala:42) ~[na:na]
	at sbt.std.Transform$$anon$4.work(System.scala:64) ~[na:na]
	at sbt.Execute$$anonfun$submit$1$$anonfun$apply$1.apply(Execute.scala:237) ~[na:na]
	at sbt.Execute$$anonfun$submit$1$$anonfun$apply$1.apply(Execute.scala:237) ~[na:na]
	at sbt.ErrorHandling$.wideConvert(ErrorHandling.scala:18) ~[na:na]
	at sbt.Execute.work(Execute.scala:244) ~[na:na]
	at sbt.Execute$$anonfun$submit$1.apply(Execute.scala:237) ~[na:na]
	at sbt.Execute$$anonfun$submit$1.apply(Execute.scala:237) ~[na:na]
	at sbt.ConcurrentRestrictions$$anon$4$$anonfun$1.apply(ConcurrentRestrictions.scala:160) ~[na:na]
	at sbt.CompletionService$$anon$2.call(CompletionService.scala:30) ~[na:na]
	at java.util.concurrent.FutureTask.run(FutureTask.java:266) ~[na:1.8.0_144]
	at java.util.concurrent.Executors$RunnableAdapter.call(Executors.java:511) ~[na:1.8.0_144]
	at java.util.concurrent.FutureTask.run(FutureTask.java:266) ~[na:1.8.0_144]
	at java.util.concurrent.ThreadPoolExecutor.runWorker(ThreadPoolExecutor.java:1149) [na:1.8.0_144]
	at java.util.concurrent.ThreadPoolExecutor$Worker.run(ThreadPoolExecutor.java:624) [na:1.8.0_144]
	at java.lang.Thread.run(Thread.java:748) [na:1.8.0_144]

2017-10-12 16:34:52,430 - [INFO] - from play in play-internal-execution-context-10 
Application started (Dev)

2017-10-12 16:35:24,970 - [INFO] - from play in play-internal-execution-context-10 
Application started (Dev)

2017-10-12 16:35:25,384 - [INFO] - from play in play-internal-execution-context-10 
Application started (Dev)

2017-10-12 16:37:20,849 - [INFO] - from play in play-internal-execution-context-10 
Application started (Dev)

2017-10-12 16:37:46,605 - [INFO] - from play in play-internal-execution-context-10 
Application started (Dev)

2017-10-12 16:41:40,957 - [INFO] - from play in play-internal-execution-context-10 
Application started (Dev)

2017-10-12 16:41:41,362 - [INFO] - from play in play-internal-execution-context-10 
Application started (Dev)

2017-10-12 16:43:46,230 - [INFO] - from play in play-internal-execution-context-10 
Application started (Dev)

2017-10-12 16:46:25,534 - [INFO] - from play in play-internal-execution-context-10 
Application started (Dev)

2017-10-12 16:47:31,547 - [ERROR] - from application in New I/O worker #7 


! @75j03ld30 - Internal server error, for (GET) [/hello] ->

play.PlayExceptions$CompilationException: Compilation error[value Project is not a member of models.Project
possible cause: maybe a semicolon is missing before `value Project'?]
	at play.PlayReloader$$anon$1$$anonfun$reload$2$$anonfun$apply$14$$anonfun$apply$16.apply(PlayReloader.scala:304) ~[na:na]
	at play.PlayReloader$$anon$1$$anonfun$reload$2$$anonfun$apply$14$$anonfun$apply$16.apply(PlayReloader.scala:304) ~[na:na]
	at scala.Option.map(Option.scala:145) ~[scala-library.jar:na]
	at play.PlayReloader$$anon$1$$anonfun$reload$2$$anonfun$apply$14.apply(PlayReloader.scala:304) ~[na:na]
	at play.PlayReloader$$anon$1$$anonfun$reload$2$$anonfun$apply$14.apply(PlayReloader.scala:298) ~[na:na]
	at scala.Option.map(Option.scala:145) ~[scala-library.jar:na]
	at play.PlayReloader$$anon$1$$anonfun$reload$2.apply(PlayReloader.scala:298) ~[na:na]
	at play.PlayReloader$$anon$1$$anonfun$reload$2.apply(PlayReloader.scala:296) ~[na:na]
	at scala.util.Either$LeftProjection.map(Either.scala:377) ~[scala-library.jar:na]
	at play.PlayReloader$$anon$1.reload(PlayReloader.scala:296) ~[na:na]
	at play.core.ReloadableApplication$$anonfun$get$1.apply(ApplicationProvider.scala:104) ~[play_2.10.jar:2.2.6]
	at play.core.ReloadableApplication$$anonfun$get$1.apply(ApplicationProvider.scala:102) ~[play_2.10.jar:2.2.6]
	at scala.concurrent.impl.Future$PromiseCompletingRunnable.liftedTree1$1(Future.scala:24) ~[scala-library.jar:na]
	at scala.concurrent.impl.Future$PromiseCompletingRunnable.run(Future.scala:24) ~[scala-library.jar:na]
	at scala.concurrent.forkjoin.ForkJoinTask$AdaptedRunnableAction.exec(ForkJoinTask.java:1361) ~[scala-library.jar:na]
	at scala.concurrent.forkjoin.ForkJoinTask.doExec(ForkJoinTask.java:260) ~[scala-library.jar:na]
	at scala.concurrent.forkjoin.ForkJoinPool$WorkQueue.runTask(ForkJoinPool.java:1339) ~[scala-library.jar:na]
	at scala.concurrent.forkjoin.ForkJoinPool.runWorker(ForkJoinPool.java:1979) ~[scala-library.jar:na]
	at scala.concurrent.forkjoin.ForkJoinWorkerThread.run(ForkJoinWorkerThread.java:107) ~[scala-library.jar:na]

2017-10-12 16:47:45,480 - [ERROR] - from application in New I/O worker #4 


! @75j03m7io - Internal server error, for (GET) [/] ->

play.PlayExceptions$CompilationException: Compilation error[value Project is not a member of models.Project
possible cause: maybe a semicolon is missing before `value Project'?]
	at play.PlayReloader$$anon$1$$anonfun$reload$2$$anonfun$apply$14$$anonfun$apply$16.apply(PlayReloader.scala:304) ~[na:na]
	at play.PlayReloader$$anon$1$$anonfun$reload$2$$anonfun$apply$14$$anonfun$apply$16.apply(PlayReloader.scala:304) ~[na:na]
	at scala.Option.map(Option.scala:145) ~[scala-library.jar:na]
	at play.PlayReloader$$anon$1$$anonfun$reload$2$$anonfun$apply$14.apply(PlayReloader.scala:304) ~[na:na]
	at play.PlayReloader$$anon$1$$anonfun$reload$2$$anonfun$apply$14.apply(PlayReloader.scala:298) ~[na:na]
	at scala.Option.map(Option.scala:145) ~[scala-library.jar:na]
	at play.PlayReloader$$anon$1$$anonfun$reload$2.apply(PlayReloader.scala:298) ~[na:na]
	at play.PlayReloader$$anon$1$$anonfun$reload$2.apply(PlayReloader.scala:296) ~[na:na]
	at scala.util.Either$LeftProjection.map(Either.scala:377) ~[scala-library.jar:na]
	at play.PlayReloader$$anon$1.reload(PlayReloader.scala:296) ~[na:na]
	at play.core.ReloadableApplication$$anonfun$get$1.apply(ApplicationProvider.scala:104) ~[play_2.10.jar:2.2.6]
	at play.core.ReloadableApplication$$anonfun$get$1.apply(ApplicationProvider.scala:102) ~[play_2.10.jar:2.2.6]
	at scala.concurrent.impl.Future$PromiseCompletingRunnable.liftedTree1$1(Future.scala:24) ~[scala-library.jar:na]
	at scala.concurrent.impl.Future$PromiseCompletingRunnable.run(Future.scala:24) ~[scala-library.jar:na]
	at scala.concurrent.forkjoin.ForkJoinTask$AdaptedRunnableAction.exec(ForkJoinTask.java:1361) ~[scala-library.jar:na]
	at scala.concurrent.forkjoin.ForkJoinTask.doExec(ForkJoinTask.java:260) ~[scala-library.jar:na]
	at scala.concurrent.forkjoin.ForkJoinPool$WorkQueue.runTask(ForkJoinPool.java:1339) ~[scala-library.jar:na]
	at scala.concurrent.forkjoin.ForkJoinPool.runWorker(ForkJoinPool.java:1979) ~[scala-library.jar:na]
	at scala.concurrent.forkjoin.ForkJoinWorkerThread.run(ForkJoinWorkerThread.java:107) ~[scala-library.jar:na]

2017-10-12 16:47:51,854 - [INFO] - from play in play-internal-execution-context-10 
Application started (Dev)

2017-10-12 16:48:33,951 - [ERROR] - from application in New I/O worker #4 


! @75j03p1b4 - Internal server error, for (GET) [/] ->

play.PlayExceptions$CompilationException: Compilation error[illegal start of simple expression]
	at play.PlayReloader$$anon$1$$anonfun$reload$2$$anonfun$apply$14$$anonfun$apply$16.apply(PlayReloader.scala:304) ~[na:na]
	at play.PlayReloader$$anon$1$$anonfun$reload$2$$anonfun$apply$14$$anonfun$apply$16.apply(PlayReloader.scala:304) ~[na:na]
	at scala.Option.map(Option.scala:145) ~[scala-library.jar:na]
	at play.PlayReloader$$anon$1$$anonfun$reload$2$$anonfun$apply$14.apply(PlayReloader.scala:304) ~[na:na]
	at play.PlayReloader$$anon$1$$anonfun$reload$2$$anonfun$apply$14.apply(PlayReloader.scala:298) ~[na:na]
	at scala.Option.map(Option.scala:145) ~[scala-library.jar:na]
	at play.PlayReloader$$anon$1$$anonfun$reload$2.apply(PlayReloader.scala:298) ~[na:na]
	at play.PlayReloader$$anon$1$$anonfun$reload$2.apply(PlayReloader.scala:296) ~[na:na]
	at scala.util.Either$LeftProjection.map(Either.scala:377) ~[scala-library.jar:na]
	at play.PlayReloader$$anon$1.reload(PlayReloader.scala:296) ~[na:na]
	at play.core.ReloadableApplication$$anonfun$get$1.apply(ApplicationProvider.scala:104) ~[play_2.10.jar:2.2.6]
	at play.core.ReloadableApplication$$anonfun$get$1.apply(ApplicationProvider.scala:102) ~[play_2.10.jar:2.2.6]
	at scala.concurrent.impl.Future$PromiseCompletingRunnable.liftedTree1$1(Future.scala:24) ~[scala-library.jar:na]
	at scala.concurrent.impl.Future$PromiseCompletingRunnable.run(Future.scala:24) ~[scala-library.jar:na]
	at scala.concurrent.forkjoin.ForkJoinTask$AdaptedRunnableAction.exec(ForkJoinTask.java:1361) ~[scala-library.jar:na]
	at scala.concurrent.forkjoin.ForkJoinTask.doExec(ForkJoinTask.java:260) ~[scala-library.jar:na]
	at scala.concurrent.forkjoin.ForkJoinPool$WorkQueue.runTask(ForkJoinPool.java:1339) ~[scala-library.jar:na]
	at scala.concurrent.forkjoin.ForkJoinPool.runWorker(ForkJoinPool.java:1979) ~[scala-library.jar:na]
	at scala.concurrent.forkjoin.ForkJoinWorkerThread.run(ForkJoinWorkerThread.java:107) ~[scala-library.jar:na]

2017-10-12 16:48:40,962 - [INFO] - from play in play-internal-execution-context-10 
Application started (Dev)

